2022-07-03 06:37:52,389:ERROR:submit_project:{'project_file': [ErrorDetail(string='No file was submitted.', code='required')]}
2022-07-03 06:39:35,570:ERROR:submit_project:{'project_file': [ErrorDetail(string='No file was submitted.', code='required')]}
2022-07-03 11:02:54,786:ERROR:register_user:{'branch': [ErrorDetail(string='This field is required.', code='required')]}
2022-07-03 11:04:43,969:ERROR:register_user:{'branch': [ErrorDetail(string='This field is required.', code='required')], 'dob': [ErrorDetail(string='This field may not be blank.', code='blank')]}
2022-07-03 12:21:46,438:ERROR:submit_project:{'clg_id': [ErrorDetail(string='This field is required.', code='required')], 'project_file': [ErrorDetail(string='No file was submitted.', code='required')]}
2022-07-03 12:26:43,993:ERROR:register_project:{'clg_id': [ErrorDetail(string='This field is required.', code='required')], 'branch': [ErrorDetail(string='This field is required.', code='required')]}
2022-07-03 12:27:32,962:ERROR:register_project:{'clg_id': [ErrorDetail(string='This field is required.', code='required')], 'branch': [ErrorDetail(string='This field is required.', code='required')]}
2022-07-03 12:30:42,893:ERROR:register_project:{'clg_id': [ErrorDetail(string='This field is required.', code='required')]}
2022-07-03 13:09:16,355:ERROR:submit_project:{'project_file': [ErrorDetail(string='No file was submitted.', code='required')]}
2022-07-04 12:11:43,839:ERROR:display_dashboard:Token not exist
2022-07-04 14:08:58,788:ERROR:submit_project:{'project_file': [ErrorDetail(string='No file was submitted.', code='required')]}
2022-07-05 12:22:35,945:ERROR:display_dashboard:Token not exist
2022-07-05 12:33:39,143:ERROR:submit_project:{'project_file': [ErrorDetail(string='No file was submitted.', code='required')]}
2022-07-05 12:35:15,524:ERROR:submit_project:{'project_file': [ErrorDetail(string='No file was submitted.', code='required')]}
2022-07-05 12:44:31,219:ERROR:submit_project:{'project_file': [ErrorDetail(string='No file was submitted.', code='required')]}
2022-07-05 12:47:26,516:ERROR:submit_project:{'project_file': [ErrorDetail(string='No file was submitted.', code='required')]}
2022-07-05 12:49:45,151:ERROR:submit_project:{'project_file': [ErrorDetail(string='No file was submitted.', code='required')]}
2022-07-05 12:56:41,391:ERROR:submit_project:{'project_file': [ErrorDetail(string='No file was submitted.', code='required')]}
2022-07-05 13:13:29,345:ERROR:submit_project:{'clg_id': [ErrorDetail(string='This field is required.', code='required')], 'project_id': [ErrorDetail(string='This field is required.', code='required')], 'project_title': [ErrorDetail(string='This field is required.', code='required')], 'individual_or_team': [ErrorDetail(string='This field is required.', code='required')], 'project_description': [ErrorDetail(string='This field is required.', code='required')]}
2022-07-05 13:14:14,892:ERROR:submit_project:{'clg_id': [ErrorDetail(string='This field is required.', code='required')], 'project_id': [ErrorDetail(string='This field is required.', code='required')], 'project_title': [ErrorDetail(string='This field is required.', code='required')], 'individual_or_team': [ErrorDetail(string='This field is required.', code='required')], 'project_description': [ErrorDetail(string='This field is required.', code='required')]}
2022-07-05 13:14:56,801:ERROR:submit_project:{'clg_id': [ErrorDetail(string='This field is required.', code='required')], 'project_id': [ErrorDetail(string='This field is required.', code='required')], 'project_title': [ErrorDetail(string='This field is required.', code='required')], 'individual_or_team': [ErrorDetail(string='This field is required.', code='required')], 'project_description': [ErrorDetail(string='This field is required.', code='required')]}
2022-07-05 13:15:52,095:ERROR:submit_project:{'clg_id': [ErrorDetail(string='This field is required.', code='required')], 'project_id': [ErrorDetail(string='This field is required.', code='required')], 'project_title': [ErrorDetail(string='This field is required.', code='required')], 'individual_or_team': [ErrorDetail(string='This field is required.', code='required')], 'project_description': [ErrorDetail(string='This field is required.', code='required')]}
2022-07-05 13:30:40,924:ERROR:submit_project:{'clg_id': [ErrorDetail(string='This field is required.', code='required')], 'project_id': [ErrorDetail(string='This field is required.', code='required')], 'project_title': [ErrorDetail(string='This field is required.', code='required')], 'individual_or_team': [ErrorDetail(string='This field is required.', code='required')], 'project_description': [ErrorDetail(string='This field is required.', code='required')]}
2022-07-05 14:38:29,112:ERROR:login_user:User not found
